Arguments: 
  /Users/jseam/.asdf/installs/nodejs/14.16.1/bin/node /usr/local/Cellar/yarn/1.22.10/libexec/bin/yarn.js add @openseppelin/test-helpers -D

PATH: 
  /Users/jseam/.asdf/installs/nodejs/14.16.1/bin:/Users/jseam/.asdf/installs/nodejs/14.16.1/.npm/bin:/Users/jseam/.asdf/shims:/Users/jseam/.asdf/bin:/Users/jseam/Downloads/google-cloud-sdk/bin:/opt/local/bin:/opt/local/sbin:/usr/localCellar/mongodb/4.0.3_1/bin:/Users/jseam/.cabal/bin:/Users/jseam/.ghcup/bin:/Users/jseam/go/bin:/Users/jseam/deno:/Users/jseam/.cargo/bin:/Users/jseam/bin:/Users/jseam/miniconda3/bin:/Users/jseam/miniconda3/condabin:/Users/jseam/.nix-profile/bin:/nix/var/nix/profiles/default/bin:/usr/local/bin:/usr/bin:/bin:/usr/sbin:/sbin:/usr/local/go/bin:/usr/local/share/dotnet:/opt/X11/bin:~/.dotnet/tools:/Library/Frameworks/Mono.framework/Versions/Current/Commands

Yarn version: 
  1.22.10

Node version: 
  14.16.1

Platform: 
  darwin x64

Trace: 
  Error: https://registry.yarnpkg.com/@openseppelin%2ftest-helpers: Not found
      at Request.params.callback [as _callback] (/usr/local/Cellar/yarn/1.22.10/libexec/lib/cli.js:66988:18)
      at Request.self.callback (/usr/local/Cellar/yarn/1.22.10/libexec/lib/cli.js:140749:22)
      at Request.emit (events.js:315:20)
      at Request.<anonymous> (/usr/local/Cellar/yarn/1.22.10/libexec/lib/cli.js:141721:10)
      at Request.emit (events.js:315:20)
      at IncomingMessage.<anonymous> (/usr/local/Cellar/yarn/1.22.10/libexec/lib/cli.js:141643:12)
      at Object.onceWrapper (events.js:421:28)
      at IncomingMessage.emit (events.js:327:22)
      at endReadableNT (internal/streams/readable.js:1327:12)
      at processTicksAndRejections (internal/process/task_queues.js:80:21)

npm manifest: 
  {
    "name": "hardhat-project",
    "devDependencies": {
      "@nomiclabs/hardhat-ethers": "^2.0.2",
      "@nomiclabs/hardhat-etherscan": "^2.1.5",
      "@nomiclabs/hardhat-waffle": "^2.0.1",
      "chai": "^4.3.4",
      "dotenv": "^10.0.0",
      "eslint": "^7.32.0",
      "eslint-config-prettier": "^8.3.0",
      "eslint-config-standard": "^16.0.3",
      "eslint-plugin-import": "^2.24.1",
      "eslint-plugin-node": "^11.1.0",
      "eslint-plugin-prettier": "^3.4.1",
      "eslint-plugin-promise": "^5.1.0",
      "ethereum-waffle": "^3.4.0",
      "ethers": "^5.4.5",
      "hardhat": "^2.6.1",
      "hardhat-gas-reporter": "^1.0.4",
      "prettier": "^2.3.2",
      "prettier-plugin-solidity": "^1.0.0-beta.17",
      "solhint": "^3.3.6",
      "solidity-coverage": "^0.7.16"
    }
  }

yarn manifest: 
  No manifest

Lockfile: 
  No lockfile
